<?xml version="1.0" encoding="UTF-8"?>
<!-- Generated by org.testng.reporters.JUnitXMLReporter -->
<testsuite hostname="LAPTOP-49ALIVKJ" name="Default test" tests="3" failures="0" timestamp="6 Sep 2021 11:19:23 GMT" time="44.843" errors="0">
  <testcase name="f" time="0.005" classname="SeleniumTesting.Validation1"/>
  <testcase name="sel" time="16.697" classname="SeleniumTesting.Validation"/>
  <testcase name="sell" time="16.631" classname="SeleniumTesting.Validation"/>
</testsuite> <!-- Default test -->
