<?xml version="1.0" encoding="UTF-8"?>
<testng-results skipped="0" failed="1" total="1" passed="0">
  <reporter-output>
  </reporter-output>
  <suite name="My First Suite" duration-ms="40065" started-at="2021-09-15T13:01:44Z" finished-at="2021-09-15T13:02:24Z">
    <groups>
      <group name="abc">
        <method signature="Validation.sel()[pri:0, instance:SeleniumTesting.Validation@7674f035]" name="sel" class="SeleniumTesting.Validation"/>
        <method signature="Validation.sell()[pri:0, instance:SeleniumTesting.Validation@7674f035]" name="sell" class="SeleniumTesting.Validation"/>
      </group> <!-- abc -->
    </groups>
    <test name="First Test" duration-ms="40065" started-at="2021-09-15T13:01:44Z" finished-at="2021-09-15T13:02:24Z">
      <class name="SeleniumTesting.Validation">
        <test-method status="PASS" signature="Before()[pri:0, instance:SeleniumTesting.Validation@7674f035]" name="Before" is-config="true" duration-ms="12504" started-at="2021-09-15T18:31:44Z" finished-at="2021-09-15T18:31:56Z">
          <reporter-output>
          </reporter-output>
        </test-method> <!-- Before -->
        <test-method status="PASS" signature="Before()[pri:0, instance:SeleniumTesting.Validation@7674f035]" name="Before" is-config="true" duration-ms="12504" started-at="2021-09-15T18:31:44Z" finished-at="2021-09-15T18:31:56Z">
          <reporter-output>
          </reporter-output>
        </test-method> <!-- Before -->
        <test-method status="FAIL" signature="sel()[pri:0, instance:SeleniumTesting.Validation@7674f035]" name="sel" duration-ms="16720" started-at="2021-09-15T18:31:56Z" finished-at="2021-09-15T18:32:13Z">
          <exception class="org.openqa.selenium.NoSuchElementException">
            <message>
              <![CDATA[no such element: Unable to locate element: {"method":"xpath","selector":"//*[@id="rb-calendar_onward_cal"]/table/tbody/tr[4]/td[@class="current day"]"}
  (Session info: chrome=93.0.4577.63)
For documentation on this error, please visit: https://www.seleniumhq.org/exceptions/no_such_element.html
Build info: version: '3.141.59', revision: 'e82be7d358', time: '2018-11-14T08:17:03'
System info: host: 'LAPTOP-49ALIVKJ', ip: '192.168.29.246', os.name: 'Windows 10', os.arch: 'amd64', os.version: '10.0', java.version: '1.8.0_201'
Driver info: org.openqa.selenium.chrome.ChromeDriver
Capabilities {acceptInsecureCerts: false, browserName: chrome, browserVersion: 93.0.4577.63, chrome: {chromedriverVersion: 92.0.4515.107 (87a818b10553..., userDataDir: C:\Users\swamy\AppData\Loca...}, goog:chromeOptions: {debuggerAddress: localhost:62503}, javascriptEnabled: true, networkConnectionEnabled: false, pageLoadStrategy: normal, platform: WINDOWS, platformName: WINDOWS, proxy: Proxy(), setWindowRect: true, strictFileInteractability: false, timeouts: {implicit: 0, pageLoad: 300000, script: 30000}, unhandledPromptBehavior: dismiss and notify, webauthn:extension:credBlob: true, webauthn:extension:largeBlob: true, webauthn:virtualAuthenticators: true}
Session ID: 41c4045f8ebd320937dfb5f151652112
*** Element info: {Using=xpath, value=//*[@id="rb-calendar_onward_cal"]/table/tbody/tr[4]/td[@class="current day"]}]]>
            </message>
            <full-stacktrace>
              <![CDATA[org.openqa.selenium.NoSuchElementException: no such element: Unable to locate element: {"method":"xpath","selector":"//*[@id="rb-calendar_onward_cal"]/table/tbody/tr[4]/td[@class="current day"]"}
  (Session info: chrome=93.0.4577.63)
For documentation on this error, please visit: https://www.seleniumhq.org/exceptions/no_such_element.html
Build info: version: '3.141.59', revision: 'e82be7d358', time: '2018-11-14T08:17:03'
System info: host: 'LAPTOP-49ALIVKJ', ip: '192.168.29.246', os.name: 'Windows 10', os.arch: 'amd64', os.version: '10.0', java.version: '1.8.0_201'
Driver info: org.openqa.selenium.chrome.ChromeDriver
Capabilities {acceptInsecureCerts: false, browserName: chrome, browserVersion: 93.0.4577.63, chrome: {chromedriverVersion: 92.0.4515.107 (87a818b10553..., userDataDir: C:\Users\swamy\AppData\Loca...}, goog:chromeOptions: {debuggerAddress: localhost:62503}, javascriptEnabled: true, networkConnectionEnabled: false, pageLoadStrategy: normal, platform: WINDOWS, platformName: WINDOWS, proxy: Proxy(), setWindowRect: true, strictFileInteractability: false, timeouts: {implicit: 0, pageLoad: 300000, script: 30000}, unhandledPromptBehavior: dismiss and notify, webauthn:extension:credBlob: true, webauthn:extension:largeBlob: true, webauthn:virtualAuthenticators: true}
Session ID: 41c4045f8ebd320937dfb5f151652112
*** Element info: {Using=xpath, value=//*[@id="rb-calendar_onward_cal"]/table/tbody/tr[4]/td[@class="current day"]}
	at sun.reflect.NativeConstructorAccessorImpl.newInstance0(Native Method)
	at sun.reflect.NativeConstructorAccessorImpl.newInstance(Unknown Source)
	at sun.reflect.DelegatingConstructorAccessorImpl.newInstance(Unknown Source)
	at java.lang.reflect.Constructor.newInstance(Unknown Source)
	at org.openqa.selenium.remote.http.W3CHttpResponseCodec.createException(W3CHttpResponseCodec.java:187)
	at org.openqa.selenium.remote.http.W3CHttpResponseCodec.decode(W3CHttpResponseCodec.java:122)
	at org.openqa.selenium.remote.http.W3CHttpResponseCodec.decode(W3CHttpResponseCodec.java:49)
	at org.openqa.selenium.remote.HttpCommandExecutor.execute(HttpCommandExecutor.java:158)
	at org.openqa.selenium.remote.service.DriverCommandExecutor.execute(DriverCommandExecutor.java:83)
	at org.openqa.selenium.remote.RemoteWebDriver.execute(RemoteWebDriver.java:552)
	at org.openqa.selenium.remote.RemoteWebDriver.findElement(RemoteWebDriver.java:323)
	at org.openqa.selenium.remote.RemoteWebDriver.findElementByXPath(RemoteWebDriver.java:428)
	at org.openqa.selenium.By$ByXPath.findElement(By.java:353)
	at org.openqa.selenium.remote.RemoteWebDriver.findElement(RemoteWebDriver.java:315)
	at PageObjects.RedBusLogin.enterDate(RedBusLogin.java:28)
	at SeleniumTesting.Validation.sel(Validation.java:50)
	at sun.reflect.NativeMethodAccessorImpl.invoke0(Native Method)
	at sun.reflect.NativeMethodAccessorImpl.invoke(Unknown Source)
	at sun.reflect.DelegatingMethodAccessorImpl.invoke(Unknown Source)
	at java.lang.reflect.Method.invoke(Unknown Source)
	at org.testng.internal.MethodInvocationHelper.invokeMethod(MethodInvocationHelper.java:85)
	at org.testng.internal.Invoker.invokeMethod(Invoker.java:663)
	at org.testng.internal.Invoker.invokeTestMethod(Invoker.java:849)
	at org.testng.internal.Invoker.invokeTestMethods(Invoker.java:1157)
	at org.testng.internal.TestMethodWorker.invokeTestMethods(TestMethodWorker.java:124)
	at org.testng.internal.TestMethodWorker.run(TestMethodWorker.java:108)
	at java.util.concurrent.ThreadPoolExecutor.runWorker(Unknown Source)
	at java.util.concurrent.ThreadPoolExecutor$Worker.run(Unknown Source)
	at java.lang.Thread.run(Unknown Source)
]]>
            </full-stacktrace>
          </exception> <!-- org.openqa.selenium.NoSuchElementException -->
          <reporter-output>
          </reporter-output>
        </test-method> <!-- sel -->
        <test-method status="PASS" signature="After()[pri:0, instance:SeleniumTesting.Validation@7674f035]" name="After" is-config="true" duration-ms="0" started-at="2021-09-15T18:32:24Z" finished-at="2021-09-15T18:32:24Z">
          <reporter-output>
          </reporter-output>
        </test-method> <!-- After -->
      </class> <!-- SeleniumTesting.Validation -->
    </test> <!-- First Test -->
  </suite> <!-- My First Suite -->
</testng-results>
